<?xml version="1.0" encoding="UTF-8"?>
<testng-results skipped="0" failed="0" ignored="0" total="1" passed="1">
  <reporter-output>
  </reporter-output>
  <suite name="Default suite" duration-ms="24947" started-at="2018-12-13T17:45:09Z" finished-at="2018-12-13T17:45:34Z">
    <groups>
    </groups>
    <test name="Default test" duration-ms="24947" started-at="2018-12-13T17:45:09Z" finished-at="2018-12-13T17:45:34Z">
      <class name="Test_cases.webtables">
        <test-method status="PASS" signature="setup()[pri:0, instance:Test_cases.webtables@4c70fda8]" name="setup" is-config="true" duration-ms="9668" started-at="2018-12-13T17:45:09Z" finished-at="2018-12-13T17:45:18Z">
          <reporter-output>
          </reporter-output>
        </test-method> <!-- setup -->
        <test-method status="PASS" signature="webTable()[pri:0, instance:Test_cases.webtables@4c70fda8]" name="webTable" duration-ms="13145" started-at="2018-12-13T17:45:19Z" finished-at="2018-12-13T17:45:32Z">
          <reporter-output>
          </reporter-output>
        </test-method> <!-- webTable -->
        <test-method status="PASS" signature="teardown()[pri:0, instance:Test_cases.webtables@4c70fda8]" name="teardown" is-config="true" duration-ms="2093" started-at="2018-12-13T17:45:32Z" finished-at="2018-12-13T17:45:34Z">
          <reporter-output>
          </reporter-output>
        </test-method> <!-- teardown -->
      </class> <!-- Test_cases.webtables -->
    </test> <!-- Default test -->
  </suite> <!-- Default suite -->
</testng-results>
